<?xml version="1.0" encoding="UTF-8"?>
<coverage generated="1782749428530" clover="3.2.0">
  <project timestamp="1782749428530" name="All files">
    <metrics statements="67" coveredstatements="61" conditionals="28" coveredconditionals="21" methods="28" coveredmethods="28" elements="123" coveredelements="110" complexity="0" loc="67" ncloc="67" packages="1" files="4" classes="4"/>
    <file name=".gitkeep" path="/Users/jafran/Workstation/R&D/bahon/src/utils/.gitkeep">
      <metrics statements="0" coveredstatements="0" conditionals="0" coveredconditionals="0" methods="0" coveredmethods="0"/>
    </file>
    <file name="calculations.ts" path="/Users/jafran/Workstation/R&D/bahon/src/utils/calculations.ts">
      <metrics statements="32" coveredstatements="32" conditionals="2" coveredconditionals="2" methods="20" coveredmethods="20"/>
      <line num="3" count="2" type="stmt"/>
      <line num="7" count="2" type="stmt"/>
      <line num="11" count="2" type="stmt"/>
      <line num="16" count="2" type="stmt"/>
      <line num="20" count="2" type="stmt"/>
      <line num="25" count="3" type="stmt"/>
      <line num="29" count="1" type="stmt"/>
      <line num="33" count="2" type="stmt"/>
      <line num="37" count="1" type="stmt"/>
      <line num="41" count="3" type="stmt"/>
      <line num="45" count="2" type="stmt"/>
      <line num="49" count="1" type="stmt"/>
      <line num="53" count="1" type="stmt"/>
      <line num="58" count="2" type="stmt"/>
      <line num="59" count="2" type="stmt"/>
      <line num="60" count="2" type="stmt"/>
      <line num="64" count="1" type="stmt"/>
      <line num="65" count="1" type="stmt"/>
      <line num="66" count="1" type="stmt"/>
      <line num="70" count="1" type="stmt"/>
      <line num="71" count="1" type="stmt"/>
      <line num="72" count="1" type="stmt"/>
      <line num="76" count="2" type="stmt"/>
      <line num="77" count="2" type="stmt"/>
      <line num="78" count="2" type="stmt"/>
      <line num="79" count="2" type="stmt"/>
      <line num="80" count="2" type="stmt"/>
      <line num="85" count="4" type="stmt"/>
      <line num="89" count="1" type="stmt"/>
      <line num="90" count="3" type="stmt"/>
      <line num="91" count="3" type="cond" truecount="2" falsecount="0"/>
      <line num="92" count="3" type="stmt"/>
    </file>
    <file name="constants.ts" path="/Users/jafran/Workstation/R&D/bahon/src/utils/constants.ts">
      <metrics statements="2" coveredstatements="0" conditionals="0" coveredconditionals="0" methods="0" coveredmethods="0"/>
      <line num="1" count="0" type="stmt"/>
      <line num="2" count="0" type="stmt"/>
    </file>
    <file name="formatters.ts" path="/Users/jafran/Workstation/R&D/bahon/src/utils/formatters.ts">
      <metrics statements="33" coveredstatements="29" conditionals="26" coveredconditionals="19" methods="8" coveredmethods="8"/>
      <line num="4" count="2" type="stmt"/>
      <line num="14" count="13" type="stmt"/>
      <line num="22" count="7" type="stmt"/>
      <line num="23" count="7" type="cond" truecount="4" falsecount="0"/>
      <line num="24" count="1" type="stmt"/>
      <line num="25" count="1" type="stmt"/>
      <line num="27" count="6" type="stmt"/>
      <line num="34" count="4" type="cond" truecount="2" falsecount="0"/>
      <line num="35" count="2" type="stmt"/>
      <line num="37" count="2" type="stmt"/>
      <line num="41" count="3" type="cond" truecount="2" falsecount="0"/>
      <line num="42" count="1" type="stmt"/>
      <line num="44" count="2" type="stmt"/>
      <line num="48" count="3" type="cond" truecount="3" falsecount="0"/>
      <line num="50" count="1" type="stmt"/>
      <line num="52" count="1" type="stmt"/>
      <line num="54" count="1" type="stmt"/>
      <line num="58" count="2" type="stmt"/>
      <line num="59" count="2" type="stmt"/>
      <line num="62" count="2" type="stmt"/>
      <line num="63" count="2" type="cond" truecount="2" falsecount="0"/>
      <line num="64" count="2" type="stmt"/>
      <line num="68" count="1" type="stmt"/>
      <line num="69" count="1" type="stmt"/>
      <line num="70" count="1" type="stmt"/>
      <line num="71" count="1" type="stmt"/>
      <line num="72" count="1" type="stmt"/>
      <line num="74" count="1" type="cond" truecount="1" falsecount="1"/>
      <line num="75" count="0" type="cond" truecount="0" falsecount="2"/>
      <line num="76" count="0" type="cond" truecount="0" falsecount="2"/>
      <line num="77" count="0" type="cond" truecount="0" falsecount="2"/>
      <line num="78" count="0" type="stmt"/>
      <line num="82" count="2" type="stmt"/>
    </file>
  </project>
</coverage>
