{"/Users/jafran/Workstation/R&D/bahon/src/utils/.gitkeep": {"path":"/Users/jafran/Workstation/R&D/bahon/src/utils/.gitkeep","statementMap":{},"fnMap":{},"branchMap":{},"s":{},"f":{},"b":{},"meta":{"lastBranch":0,"lastFunction":0,"lastStatement":0,"seen":{},"fnNames":{}}}
,"/Users/jafran/Workstation/R&D/bahon/src/utils/calculations.ts": {"path":"/Users/jafran/Workstation/R&D/bahon/src/utils/calculations.ts","statementMap":{"0":{"start":{"line":3,"column":2},"end":{"line":3,"column":null}},"1":{"start":{"line":7,"column":2},"end":{"line":7,"column":null}},"2":{"start":{"line":11,"column":2},"end":{"line":11,"column":null}},"3":{"start":{"line":16,"column":2},"end":{"line":16,"column":null}},"4":{"start":{"line":20,"column":2},"end":{"line":20,"column":null}},"5":{"start":{"line":25,"column":2},"end":{"line":25,"column":null}},"6":{"start":{"line":29,"column":2},"end":{"line":29,"column":null}},"7":{"start":{"line":33,"column":2},"end":{"line":33,"column":null}},"8":{"start":{"line":37,"column":2},"end":{"line":37,"column":null}},"9":{"start":{"line":41,"column":2},"end":{"line":41,"column":null}},"10":{"start":{"line":45,"column":2},"end":{"line":45,"column":null}},"11":{"start":{"line":49,"column":2},"end":{"line":49,"column":null}},"12":{"start":{"line":53,"column":2},"end":{"line":53,"column":null}},"13":{"start":{"line":58,"column":12},"end":{"line":58,"column":null}},"14":{"start":{"line":59,"column":2},"end":{"line":59,"column":null}},"15":{"start":{"line":60,"column":2},"end":{"line":60,"column":null}},"16":{"start":{"line":64,"column":12},"end":{"line":64,"column":null}},"17":{"start":{"line":65,"column":2},"end":{"line":65,"column":null}},"18":{"start":{"line":66,"column":2},"end":{"line":66,"column":null}},"19":{"start":{"line":70,"column":12},"end":{"line":70,"column":null}},"20":{"start":{"line":71,"column":2},"end":{"line":71,"column":null}},"21":{"start":{"line":72,"column":2},"end":{"line":72,"column":null}},"22":{"start":{"line":76,"column":14},"end":{"line":76,"column":null}},"23":{"start":{"line":77,"column":2},"end":{"line":77,"column":null}},"24":{"start":{"line":78,"column":17},"end":{"line":78,"column":null}},"25":{"start":{"line":79,"column":2},"end":{"line":79,"column":null}},"26":{"start":{"line":80,"column":2},"end":{"line":80,"column":null}},"27":{"start":{"line":85,"column":2},"end":{"line":85,"column":null}},"28":{"start":{"line":89,"column":2},"end":{"line":93,"column":null}},"29":{"start":{"line":90,"column":16},"end":{"line":90,"column":null}},"30":{"start":{"line":91,"column":4},"end":{"line":91,"column":null}},"31":{"start":{"line":92,"column":4},"end":{"line":92,"column":null}}},"fnMap":{"0":{"name":"calcEfficiencyKmL","decl":{"start":{"line":2,"column":16},"end":{"line":2,"column":34}},"loc":{"start":{"line":2,"column":79},"end":{"line":4,"column":null}},"line":2},"1":{"name":"calcEfficiencyL100km","decl":{"start":{"line":6,"column":16},"end":{"line":6,"column":37}},"loc":{"start":{"line":6,"column":82},"end":{"line":8,"column":null}},"line":6},"2":{"name":"calcEfficiencyMPG","decl":{"start":{"line":10,"column":16},"end":{"line":10,"column":34}},"loc":{"start":{"line":10,"column":79},"end":{"line":12,"column":null}},"line":10},"3":{"name":"calcTotalCost","decl":{"start":{"line":15,"column":16},"end":{"line":15,"column":30}},"loc":{"start":{"line":15,"column":74},"end":{"line":17,"column":null}},"line":15},"4":{"name":"calcPricePerLitre","decl":{"start":{"line":19,"column":16},"end":{"line":19,"column":34}},"loc":{"start":{"line":19,"column":78},"end":{"line":21,"column":null}},"line":19},"5":{"name":"kmToMiles","decl":{"start":{"line":24,"column":16},"end":{"line":24,"column":26}},"loc":{"start":{"line":24,"column":46},"end":{"line":26,"column":null}},"line":24},"6":{"name":"milesToKm","decl":{"start":{"line":28,"column":16},"end":{"line":28,"column":26}},"loc":{"start":{"line":28,"column":49},"end":{"line":30,"column":null}},"line":28},"7":{"name":"litresToGallons","decl":{"start":{"line":32,"column":16},"end":{"line":32,"column":32}},"loc":{"start":{"line":32,"column":56},"end":{"line":34,"column":null}},"line":32},"8":{"name":"gallonsToLitres","decl":{"start":{"line":36,"column":16},"end":{"line":36,"column":32}},"loc":{"start":{"line":36,"column":57},"end":{"line":38,"column":null}},"line":36},"9":{"name":"kmLToMPG","decl":{"start":{"line":40,"column":16},"end":{"line":40,"column":25}},"loc":{"start":{"line":40,"column":46},"end":{"line":42,"column":null}},"line":40},"10":{"name":"kmLToL100km","decl":{"start":{"line":44,"column":16},"end":{"line":44,"column":28}},"loc":{"start":{"line":44,"column":49},"end":{"line":46,"column":null}},"line":44},"11":{"name":"MPGToKmL","decl":{"start":{"line":48,"column":16},"end":{"line":48,"column":25}},"loc":{"start":{"line":48,"column":46},"end":{"line":50,"column":null}},"line":48},"12":{"name":"L100kmToKmL","decl":{"start":{"line":52,"column":16},"end":{"line":52,"column":28}},"loc":{"start":{"line":52,"column":50},"end":{"line":54,"column":null}},"line":52},"13":{"name":"addDays","decl":{"start":{"line":57,"column":16},"end":{"line":57,"column":24}},"loc":{"start":{"line":57,"column":56},"end":{"line":61,"column":null}},"line":57},"14":{"name":"addMonths","decl":{"start":{"line":63,"column":16},"end":{"line":63,"column":26}},"loc":{"start":{"line":63,"column":60},"end":{"line":67,"column":null}},"line":63},"15":{"name":"addYears","decl":{"start":{"line":69,"column":16},"end":{"line":69,"column":25}},"loc":{"start":{"line":69,"column":58},"end":{"line":73,"column":null}},"line":69},"16":{"name":"daysUntil","decl":{"start":{"line":75,"column":16},"end":{"line":75,"column":26}},"loc":{"start":{"line":75,"column":46},"end":{"line":81,"column":null}},"line":75},"17":{"name":"getMonthKey","decl":{"start":{"line":84,"column":16},"end":{"line":84,"column":28}},"loc":{"start":{"line":84,"column":50},"end":{"line":86,"column":null}},"line":84},"18":{"name":"sumByMonth","decl":{"start":{"line":88,"column":16},"end":{"line":88,"column":27}},"loc":{"start":{"line":88,"column":98},"end":{"line":94,"column":null}},"line":88},"19":{"name":"(anonymous_19)","decl":{"start":{"line":89,"column":14},"end":{"line":89,"column":46}},"loc":{"start":{"line":89,"column":59},"end":{"line":93,"column":5}},"line":89}},"branchMap":{"0":{"loc":{"start":{"line":91,"column":16},"end":{"line":91,"column":33}},"type":"binary-expr","locations":[{"start":{"line":91,"column":16},"end":{"line":91,"column":28}},{"start":{"line":91,"column":28},"end":{"line":91,"column":33}}],"line":91}},"s":{"0":2,"1":2,"2":2,"3":2,"4":2,"5":3,"6":1,"7":2,"8":1,"9":3,"10":2,"11":1,"12":1,"13":2,"14":2,"15":2,"16":1,"17":1,"18":1,"19":1,"20":1,"21":1,"22":2,"23":2,"24":2,"25":2,"26":2,"27":4,"28":1,"29":3,"30":3,"31":3},"f":{"0":2,"1":2,"2":2,"3":2,"4":2,"5":3,"6":1,"7":2,"8":1,"9":3,"10":2,"11":1,"12":1,"13":2,"14":1,"15":1,"16":2,"17":4,"18":1,"19":3},"b":{"0":[3,2]},"meta":{"lastBranch":1,"lastFunction":20,"lastStatement":32,"seen":{"f:2:16:2:34":0,"s:3:2:3:Infinity":0,"f:6:16:6:37":1,"s:7:2:7:Infinity":1,"f:10:16:10:34":2,"s:11:2:11:Infinity":2,"f:15:16:15:30":3,"s:16:2:16:Infinity":3,"f:19:16:19:34":4,"s:20:2:20:Infinity":4,"f:24:16:24:26":5,"s:25:2:25:Infinity":5,"f:28:16:28:26":6,"s:29:2:29:Infinity":6,"f:32:16:32:32":7,"s:33:2:33:Infinity":7,"f:36:16:36:32":8,"s:37:2:37:Infinity":8,"f:40:16:40:25":9,"s:41:2:41:Infinity":9,"f:44:16:44:28":10,"s:45:2:45:Infinity":10,"f:48:16:48:25":11,"s:49:2:49:Infinity":11,"f:52:16:52:28":12,"s:53:2:53:Infinity":12,"f:57:16:57:24":13,"s:58:12:58:Infinity":13,"s:59:2:59:Infinity":14,"s:60:2:60:Infinity":15,"f:63:16:63:26":14,"s:64:12:64:Infinity":16,"s:65:2:65:Infinity":17,"s:66:2:66:Infinity":18,"f:69:16:69:25":15,"s:70:12:70:Infinity":19,"s:71:2:71:Infinity":20,"s:72:2:72:Infinity":21,"f:75:16:75:26":16,"s:76:14:76:Infinity":22,"s:77:2:77:Infinity":23,"s:78:17:78:Infinity":24,"s:79:2:79:Infinity":25,"s:80:2:80:Infinity":26,"f:84:16:84:28":17,"s:85:2:85:Infinity":27,"f:88:16:88:27":18,"s:89:2:93:Infinity":28,"f:89:14:89:46":19,"s:90:16:90:Infinity":29,"s:91:4:91:Infinity":30,"b:91:16:91:28:91:28:91:33":0,"s:92:4:92:Infinity":31},"fnNames":{}}}
,"/Users/jafran/Workstation/R&D/bahon/src/utils/constants.ts": {"path":"/Users/jafran/Workstation/R&D/bahon/src/utils/constants.ts","statementMap":{"0":{"start":{"line":1,"column":33},"end":{"line":1,"column":null}},"1":{"start":{"line":2,"column":27},"end":{"line":2,"column":null}}},"fnMap":{},"branchMap":{},"s":{"0":0,"1":0},"f":{},"b":{},"meta":{"lastBranch":0,"lastFunction":0,"lastStatement":2,"seen":{"s:1:33:1:Infinity":0,"s:2:27:2:Infinity":1},"fnNames":{}}}
,"/Users/jafran/Workstation/R&D/bahon/src/utils/formatters.ts": {"path":"/Users/jafran/Workstation/R&D/bahon/src/utils/formatters.ts","statementMap":{"0":{"start":{"line":4,"column":51},"end":{"line":11,"column":null}},"1":{"start":{"line":14,"column":2},"end":{"line":14,"column":null}},"2":{"start":{"line":22,"column":17},"end":{"line":22,"column":null}},"3":{"start":{"line":23,"column":2},"end":{"line":26,"column":null}},"4":{"start":{"line":24,"column":14},"end":{"line":24,"column":null}},"5":{"start":{"line":25,"column":4},"end":{"line":25,"column":null}},"6":{"start":{"line":27,"column":2},"end":{"line":30,"column":null}},"7":{"start":{"line":34,"column":2},"end":{"line":36,"column":null}},"8":{"start":{"line":35,"column":4},"end":{"line":35,"column":null}},"9":{"start":{"line":37,"column":2},"end":{"line":37,"column":null}},"10":{"start":{"line":41,"column":2},"end":{"line":43,"column":null}},"11":{"start":{"line":42,"column":4},"end":{"line":42,"column":null}},"12":{"start":{"line":44,"column":2},"end":{"line":44,"column":null}},"13":{"start":{"line":48,"column":2},"end":{"line":55,"column":null}},"14":{"start":{"line":50,"column":6},"end":{"line":50,"column":null}},"15":{"start":{"line":52,"column":6},"end":{"line":52,"column":null}},"16":{"start":{"line":54,"column":6},"end":{"line":54,"column":null}},"17":{"start":{"line":58,"column":23},"end":{"line":58,"column":null}},"18":{"start":{"line":59,"column":23},"end":{"line":59,"column":null}},"19":{"start":{"line":62,"column":29},"end":{"line":62,"column":null}},"20":{"start":{"line":63,"column":17},"end":{"line":63,"column":null}},"21":{"start":{"line":64,"column":2},"end":{"line":64,"column":null}},"22":{"start":{"line":68,"column":16},"end":{"line":68,"column":null}},"23":{"start":{"line":69,"column":2},"end":{"line":69,"column":null}},"24":{"start":{"line":70,"column":17},"end":{"line":70,"column":null}},"25":{"start":{"line":71,"column":2},"end":{"line":71,"column":null}},"26":{"start":{"line":72,"column":15},"end":{"line":72,"column":null}},"27":{"start":{"line":74,"column":2},"end":{"line":74,"column":null}},"28":{"start":{"line":74,"column":18},"end":{"line":74,"column":null}},"29":{"start":{"line":75,"column":2},"end":{"line":75,"column":null}},"30":{"start":{"line":75,"column":19},"end":{"line":75,"column":null}},"31":{"start":{"line":76,"column":2},"end":{"line":76,"column":null}},"32":{"start":{"line":76,"column":18},"end":{"line":76,"column":null}},"33":{"start":{"line":77,"column":2},"end":{"line":77,"column":null}},"34":{"start":{"line":77,"column":16},"end":{"line":77,"column":null}},"35":{"start":{"line":78,"column":2},"end":{"line":78,"column":null}},"36":{"start":{"line":82,"column":2},"end":{"line":85,"column":null}}},"fnMap":{"0":{"name":"getCurrencySymbol","decl":{"start":{"line":13,"column":16},"end":{"line":13,"column":34}},"loc":{"start":{"line":13,"column":62},"end":{"line":15,"column":null}},"line":13},"1":{"name":"formatCurrency","decl":{"start":{"line":17,"column":16},"end":{"line":17,"column":null}},"loc":{"start":{"line":21,"column":10},"end":{"line":31,"column":null}},"line":21},"2":{"name":"formatDistance","decl":{"start":{"line":33,"column":16},"end":{"line":33,"column":31}},"loc":{"start":{"line":33,"column":71},"end":{"line":38,"column":null}},"line":33},"3":{"name":"formatVolume","decl":{"start":{"line":40,"column":16},"end":{"line":40,"column":29}},"loc":{"start":{"line":40,"column":71},"end":{"line":45,"column":null}},"line":40},"4":{"name":"formatEfficiency","decl":{"start":{"line":47,"column":16},"end":{"line":47,"column":33}},"loc":{"start":{"line":47,"column":79},"end":{"line":56,"column":null}},"line":47},"5":{"name":"formatDate","decl":{"start":{"line":61,"column":16},"end":{"line":61,"column":27}},"loc":{"start":{"line":61,"column":80},"end":{"line":65,"column":null}},"line":61},"6":{"name":"formatRelativeDate","decl":{"start":{"line":67,"column":16},"end":{"line":67,"column":35}},"loc":{"start":{"line":67,"column":60},"end":{"line":79,"column":null}},"line":67},"7":{"name":"formatNumber","decl":{"start":{"line":81,"column":16},"end":{"line":81,"column":29}},"loc":{"start":{"line":81,"column":62},"end":{"line":86,"column":null}},"line":81}},"branchMap":{"0":{"loc":{"start":{"line":20,"column":2},"end":{"line":20,"column":null}},"type":"default-arg","locations":[{"start":{"line":20,"column":12},"end":{"line":20,"column":null}}],"line":20},"1":{"loc":{"start":{"line":23,"column":2},"end":{"line":26,"column":null}},"type":"if","locations":[{"start":{"line":23,"column":2},"end":{"line":26,"column":null}},{"start":{},"end":{}}],"line":23},"2":{"loc":{"start":{"line":23,"column":6},"end":{"line":23,"column":33}},"type":"binary-expr","locations":[{"start":{"line":23,"column":6},"end":{"line":23,"column":17}},{"start":{"line":23,"column":17},"end":{"line":23,"column":33}}],"line":23},"3":{"loc":{"start":{"line":28,"column":27},"end":{"line":28,"column":null}},"type":"cond-expr","locations":[{"start":{"line":28,"column":54},"end":{"line":28,"column":58}},{"start":{"line":28,"column":58},"end":{"line":28,"column":null}}],"line":28},"4":{"loc":{"start":{"line":34,"column":2},"end":{"line":36,"column":null}},"type":"if","locations":[{"start":{"line":34,"column":2},"end":{"line":36,"column":null}},{"start":{},"end":{}}],"line":34},"5":{"loc":{"start":{"line":41,"column":2},"end":{"line":43,"column":null}},"type":"if","locations":[{"start":{"line":41,"column":2},"end":{"line":43,"column":null}},{"start":{},"end":{}}],"line":41},"6":{"loc":{"start":{"line":48,"column":2},"end":{"line":55,"column":null}},"type":"switch","locations":[{"start":{"line":49,"column":4},"end":{"line":50,"column":null}},{"start":{"line":51,"column":4},"end":{"line":52,"column":null}},{"start":{"line":53,"column":4},"end":{"line":54,"column":null}}],"line":48},"7":{"loc":{"start":{"line":61,"column":44},"end":{"line":61,"column":80}},"type":"default-arg","locations":[{"start":{"line":61,"column":66},"end":{"line":61,"column":80}}],"line":61},"8":{"loc":{"start":{"line":63,"column":17},"end":{"line":63,"column":null}},"type":"cond-expr","locations":[{"start":{"line":63,"column":35},"end":{"line":63,"column":52}},{"start":{"line":63,"column":52},"end":{"line":63,"column":null}}],"line":63},"9":{"loc":{"start":{"line":74,"column":2},"end":{"line":74,"column":null}},"type":"if","locations":[{"start":{"line":74,"column":2},"end":{"line":74,"column":null}},{"start":{},"end":{}}],"line":74},"10":{"loc":{"start":{"line":75,"column":2},"end":{"line":75,"column":null}},"type":"if","locations":[{"start":{"line":75,"column":2},"end":{"line":75,"column":null}},{"start":{},"end":{}}],"line":75},"11":{"loc":{"start":{"line":76,"column":2},"end":{"line":76,"column":null}},"type":"if","locations":[{"start":{"line":76,"column":2},"end":{"line":76,"column":null}},{"start":{},"end":{}}],"line":76},"12":{"loc":{"start":{"line":77,"column":2},"end":{"line":77,"column":null}},"type":"if","locations":[{"start":{"line":77,"column":2},"end":{"line":77,"column":null}},{"start":{},"end":{}}],"line":77},"13":{"loc":{"start":{"line":81,"column":40},"end":{"line":81,"column":62}},"type":"default-arg","locations":[{"start":{"line":81,"column":51},"end":{"line":81,"column":62}}],"line":81}},"s":{"0":2,"1":13,"2":7,"3":7,"4":1,"5":1,"6":6,"7":4,"8":2,"9":2,"10":3,"11":1,"12":2,"13":3,"14":1,"15":1,"16":1,"17":2,"18":2,"19":2,"20":2,"21":2,"22":1,"23":1,"24":1,"25":1,"26":1,"27":1,"28":1,"29":0,"30":0,"31":0,"32":0,"33":0,"34":0,"35":0,"36":2},"f":{"0":13,"1":7,"2":4,"3":3,"4":3,"5":2,"6":1,"7":2},"b":{"0":[7],"1":[1,6],"2":[7,1],"3":[5,1],"4":[2,2],"5":[1,2],"6":[1,1,1],"7":[2],"8":[1,1],"9":[1,0],"10":[0,0],"11":[0,0],"12":[0,0],"13":[2]},"meta":{"lastBranch":14,"lastFunction":8,"lastStatement":37,"seen":{"s:4:51:11:Infinity":0,"f:13:16:13:34":0,"s:14:2:14:Infinity":1,"f:17:16:17:Infinity":1,"b:20:12:20:Infinity":0,"s:22:17:22:Infinity":2,"b:23:2:26:Infinity:undefined:undefined:undefined:undefined":1,"s:23:2:26:Infinity":3,"b:23:6:23:17:23:17:23:33":2,"s:24:14:24:Infinity":4,"s:25:4:25:Infinity":5,"s:27:2:30:Infinity":6,"b:28:54:28:58:28:58:28:Infinity":3,"f:33:16:33:31":2,"b:34:2:36:Infinity:undefined:undefined:undefined:undefined":4,"s:34:2:36:Infinity":7,"s:35:4:35:Infinity":8,"s:37:2:37:Infinity":9,"f:40:16:40:29":3,"b:41:2:43:Infinity:undefined:undefined:undefined:undefined":5,"s:41:2:43:Infinity":10,"s:42:4:42:Infinity":11,"s:44:2:44:Infinity":12,"f:47:16:47:33":4,"b:49:4:50:Infinity:51:4:52:Infinity:53:4:54:Infinity":6,"s:48:2:55:Infinity":13,"s:50:6:50:Infinity":14,"s:52:6:52:Infinity":15,"s:54:6:54:Infinity":16,"s:58:23:58:Infinity":17,"s:59:23:59:Infinity":18,"f:61:16:61:27":5,"b:61:66:61:80":7,"s:62:29:62:Infinity":19,"s:63:17:63:Infinity":20,"b:63:35:63:52:63:52:63:Infinity":8,"s:64:2:64:Infinity":21,"f:67:16:67:35":6,"s:68:16:68:Infinity":22,"s:69:2:69:Infinity":23,"s:70:17:70:Infinity":24,"s:71:2:71:Infinity":25,"s:72:15:72:Infinity":26,"b:74:2:74:Infinity:undefined:undefined:undefined:undefined":9,"s:74:2:74:Infinity":27,"s:74:18:74:Infinity":28,"b:75:2:75:Infinity:undefined:undefined:undefined:undefined":10,"s:75:2:75:Infinity":29,"s:75:19:75:Infinity":30,"b:76:2:76:Infinity:undefined:undefined:undefined:undefined":11,"s:76:2:76:Infinity":31,"s:76:18:76:Infinity":32,"b:77:2:77:Infinity:undefined:undefined:undefined:undefined":12,"s:77:2:77:Infinity":33,"s:77:16:77:Infinity":34,"s:78:2:78:Infinity":35,"f:81:16:81:29":7,"b:81:51:81:62":13,"s:82:2:85:Infinity":36},"fnNames":{}}}
}
